2025-11-04 15:46:05,510 INFO: GAU-ID-View startup [in /home/moonlover/Development/code/projects/Gau-id-view/server/utils/helpers.py:32]
2025-11-04 15:46:05,512 INFO: GAU-ID-View Backend API created successfully [in /home/moonlover/Development/code/projects/Gau-id-view/server/app.py:122]
2025-11-04 15:46:06,098 INFO: GAU-ID-View startup [in /home/moonlover/Development/code/projects/Gau-id-view/server/utils/helpers.py:32]
2025-11-04 15:46:06,098 INFO: GAU-ID-View startup [in /home/moonlover/Development/code/projects/Gau-id-view/server/utils/helpers.py:32]
2025-11-04 15:46:06,099 INFO: GAU-ID-View Backend API created successfully [in /home/moonlover/Development/code/projects/Gau-id-view/server/app.py:122]
2025-11-04 15:46:06,099 INFO: GAU-ID-View Backend API created successfully [in /home/moonlover/Development/code/projects/Gau-id-view/server/app.py:122]
2025-11-04 15:46:06,139 INFO: GAU-ID-View startup [in /home/moonlover/Development/code/projects/Gau-id-view/server/utils/helpers.py:32]
2025-11-04 15:46:06,139 INFO: GAU-ID-View startup [in /home/moonlover/Development/code/projects/Gau-id-view/server/utils/helpers.py:32]
2025-11-04 15:46:06,139 INFO: GAU-ID-View startup [in /home/moonlover/Development/code/projects/Gau-id-view/server/utils/helpers.py:32]
2025-11-04 15:46:06,139 INFO: GAU-ID-View Backend API created successfully [in /home/moonlover/Development/code/projects/Gau-id-view/server/app.py:122]
2025-11-04 15:46:06,139 INFO: GAU-ID-View Backend API created successfully [in /home/moonlover/Development/code/projects/Gau-id-view/server/app.py:122]
2025-11-04 15:46:06,139 INFO: GAU-ID-View Backend API created successfully [in /home/moonlover/Development/code/projects/Gau-id-view/server/app.py:122]
2025-11-04 15:46:06,528 INFO: New student registered: john.doe@test.gau.ac.ke [in /home/moonlover/Development/code/projects/Gau-id-view/server/routes/auth.py:62]
2025-11-04 15:46:06,528 INFO: New student registered: john.doe@test.gau.ac.ke [in /home/moonlover/Development/code/projects/Gau-id-view/server/routes/auth.py:62]
2025-11-04 15:46:06,528 INFO: New student registered: john.doe@test.gau.ac.ke [in /home/moonlover/Development/code/projects/Gau-id-view/server/routes/auth.py:62]
2025-11-04 15:46:06,611 INFO: GAU-ID-View startup [in /home/moonlover/Development/code/projects/Gau-id-view/server/utils/helpers.py:32]
2025-11-04 15:46:06,611 INFO: GAU-ID-View startup [in /home/moonlover/Development/code/projects/Gau-id-view/server/utils/helpers.py:32]
2025-11-04 15:46:06,611 INFO: GAU-ID-View startup [in /home/moonlover/Development/code/projects/Gau-id-view/server/utils/helpers.py:32]
2025-11-04 15:46:06,611 INFO: GAU-ID-View startup [in /home/moonlover/Development/code/projects/Gau-id-view/server/utils/helpers.py:32]
2025-11-04 15:46:06,611 INFO: GAU-ID-View Backend API created successfully [in /home/moonlover/Development/code/projects/Gau-id-view/server/app.py:122]
2025-11-04 15:46:06,611 INFO: GAU-ID-View Backend API created successfully [in /home/moonlover/Development/code/projects/Gau-id-view/server/app.py:122]
2025-11-04 15:46:06,611 INFO: GAU-ID-View Backend API created successfully [in /home/moonlover/Development/code/projects/Gau-id-view/server/app.py:122]
2025-11-04 15:46:06,611 INFO: GAU-ID-View Backend API created successfully [in /home/moonlover/Development/code/projects/Gau-id-view/server/app.py:122]
2025-11-04 15:46:07,021 INFO: GAU-ID-View startup [in /home/moonlover/Development/code/projects/Gau-id-view/server/utils/helpers.py:32]
2025-11-04 15:46:07,021 INFO: GAU-ID-View startup [in /home/moonlover/Development/code/projects/Gau-id-view/server/utils/helpers.py:32]
2025-11-04 15:46:07,021 INFO: GAU-ID-View startup [in /home/moonlover/Development/code/projects/Gau-id-view/server/utils/helpers.py:32]
2025-11-04 15:46:07,021 INFO: GAU-ID-View startup [in /home/moonlover/Development/code/projects/Gau-id-view/server/utils/helpers.py:32]
2025-11-04 15:46:07,021 INFO: GAU-ID-View startup [in /home/moonlover/Development/code/projects/Gau-id-view/server/utils/helpers.py:32]
2025-11-04 15:46:07,022 INFO: GAU-ID-View Backend API created successfully [in /home/moonlover/Development/code/projects/Gau-id-view/server/app.py:122]
2025-11-04 15:46:07,022 INFO: GAU-ID-View Backend API created successfully [in /home/moonlover/Development/code/projects/Gau-id-view/server/app.py:122]
2025-11-04 15:46:07,022 INFO: GAU-ID-View Backend API created successfully [in /home/moonlover/Development/code/projects/Gau-id-view/server/app.py:122]
2025-11-04 15:46:07,022 INFO: GAU-ID-View Backend API created successfully [in /home/moonlover/Development/code/projects/Gau-id-view/server/app.py:122]
2025-11-04 15:46:07,022 INFO: GAU-ID-View Backend API created successfully [in /home/moonlover/Development/code/projects/Gau-id-view/server/app.py:122]
2025-11-04 15:46:07,732 INFO: User login: student@test.gau.ac.ke [in /home/moonlover/Development/code/projects/Gau-id-view/server/routes/auth.py:111]
2025-11-04 15:46:07,732 INFO: User login: student@test.gau.ac.ke [in /home/moonlover/Development/code/projects/Gau-id-view/server/routes/auth.py:111]
2025-11-04 15:46:07,732 INFO: User login: student@test.gau.ac.ke [in /home/moonlover/Development/code/projects/Gau-id-view/server/routes/auth.py:111]
2025-11-04 15:46:07,732 INFO: User login: student@test.gau.ac.ke [in /home/moonlover/Development/code/projects/Gau-id-view/server/routes/auth.py:111]
2025-11-04 15:46:07,732 INFO: User login: student@test.gau.ac.ke [in /home/moonlover/Development/code/projects/Gau-id-view/server/routes/auth.py:111]
2025-11-04 15:46:07,756 INFO: GAU-ID-View startup [in /home/moonlover/Development/code/projects/Gau-id-view/server/utils/helpers.py:32]
2025-11-04 15:46:07,756 INFO: GAU-ID-View startup [in /home/moonlover/Development/code/projects/Gau-id-view/server/utils/helpers.py:32]
2025-11-04 15:46:07,756 INFO: GAU-ID-View startup [in /home/moonlover/Development/code/projects/Gau-id-view/server/utils/helpers.py:32]
2025-11-04 15:46:07,756 INFO: GAU-ID-View startup [in /home/moonlover/Development/code/projects/Gau-id-view/server/utils/helpers.py:32]
2025-11-04 15:46:07,756 INFO: GAU-ID-View startup [in /home/moonlover/Development/code/projects/Gau-id-view/server/utils/helpers.py:32]
2025-11-04 15:46:07,756 INFO: GAU-ID-View startup [in /home/moonlover/Development/code/projects/Gau-id-view/server/utils/helpers.py:32]
2025-11-04 15:46:07,757 INFO: GAU-ID-View Backend API created successfully [in /home/moonlover/Development/code/projects/Gau-id-view/server/app.py:122]
2025-11-04 15:46:07,757 INFO: GAU-ID-View Backend API created successfully [in /home/moonlover/Development/code/projects/Gau-id-view/server/app.py:122]
2025-11-04 15:46:07,757 INFO: GAU-ID-View Backend API created successfully [in /home/moonlover/Development/code/projects/Gau-id-view/server/app.py:122]
2025-11-04 15:46:07,757 INFO: GAU-ID-View Backend API created successfully [in /home/moonlover/Development/code/projects/Gau-id-view/server/app.py:122]
2025-11-04 15:46:07,757 INFO: GAU-ID-View Backend API created successfully [in /home/moonlover/Development/code/projects/Gau-id-view/server/app.py:122]
2025-11-04 15:46:07,757 INFO: GAU-ID-View Backend API created successfully [in /home/moonlover/Development/code/projects/Gau-id-view/server/app.py:122]
2025-11-04 15:46:08,463 INFO: User login: admin@test.gau.ac.ke [in /home/moonlover/Development/code/projects/Gau-id-view/server/routes/auth.py:111]
2025-11-04 15:46:08,463 INFO: User login: admin@test.gau.ac.ke [in /home/moonlover/Development/code/projects/Gau-id-view/server/routes/auth.py:111]
2025-11-04 15:46:08,463 INFO: User login: admin@test.gau.ac.ke [in /home/moonlover/Development/code/projects/Gau-id-view/server/routes/auth.py:111]
2025-11-04 15:46:08,463 INFO: User login: admin@test.gau.ac.ke [in /home/moonlover/Development/code/projects/Gau-id-view/server/routes/auth.py:111]
2025-11-04 15:46:08,463 INFO: User login: admin@test.gau.ac.ke [in /home/moonlover/Development/code/projects/Gau-id-view/server/routes/auth.py:111]
2025-11-04 15:46:08,463 INFO: User login: admin@test.gau.ac.ke [in /home/moonlover/Development/code/projects/Gau-id-view/server/routes/auth.py:111]
2025-11-04 15:46:08,488 INFO: GAU-ID-View startup [in /home/moonlover/Development/code/projects/Gau-id-view/server/utils/helpers.py:32]
2025-11-04 15:46:08,488 INFO: GAU-ID-View startup [in /home/moonlover/Development/code/projects/Gau-id-view/server/utils/helpers.py:32]
2025-11-04 15:46:08,488 INFO: GAU-ID-View startup [in /home/moonlover/Development/code/projects/Gau-id-view/server/utils/helpers.py:32]
2025-11-04 15:46:08,488 INFO: GAU-ID-View startup [in /home/moonlover/Development/code/projects/Gau-id-view/server/utils/helpers.py:32]
2025-11-04 15:46:08,488 INFO: GAU-ID-View startup [in /home/moonlover/Development/code/projects/Gau-id-view/server/utils/helpers.py:32]
2025-11-04 15:46:08,488 INFO: GAU-ID-View startup [in /home/moonlover/Development/code/projects/Gau-id-view/server/utils/helpers.py:32]
2025-11-04 15:46:08,488 INFO: GAU-ID-View startup [in /home/moonlover/Development/code/projects/Gau-id-view/server/utils/helpers.py:32]
2025-11-04 15:46:08,488 INFO: GAU-ID-View Backend API created successfully [in /home/moonlover/Development/code/projects/Gau-id-view/server/app.py:122]
2025-11-04 15:46:08,488 INFO: GAU-ID-View Backend API created successfully [in /home/moonlover/Development/code/projects/Gau-id-view/server/app.py:122]
2025-11-04 15:46:08,488 INFO: GAU-ID-View Backend API created successfully [in /home/moonlover/Development/code/projects/Gau-id-view/server/app.py:122]
2025-11-04 15:46:08,488 INFO: GAU-ID-View Backend API created successfully [in /home/moonlover/Development/code/projects/Gau-id-view/server/app.py:122]
2025-11-04 15:46:08,488 INFO: GAU-ID-View Backend API created successfully [in /home/moonlover/Development/code/projects/Gau-id-view/server/app.py:122]
2025-11-04 15:46:08,488 INFO: GAU-ID-View Backend API created successfully [in /home/moonlover/Development/code/projects/Gau-id-view/server/app.py:122]
2025-11-04 15:46:08,488 INFO: GAU-ID-View Backend API created successfully [in /home/moonlover/Development/code/projects/Gau-id-view/server/app.py:122]
2025-11-04 15:46:08,525 INFO: GAU-ID-View startup [in /home/moonlover/Development/code/projects/Gau-id-view/server/utils/helpers.py:32]
2025-11-04 15:46:08,525 INFO: GAU-ID-View startup [in /home/moonlover/Development/code/projects/Gau-id-view/server/utils/helpers.py:32]
2025-11-04 15:46:08,525 INFO: GAU-ID-View startup [in /home/moonlover/Development/code/projects/Gau-id-view/server/utils/helpers.py:32]
2025-11-04 15:46:08,525 INFO: GAU-ID-View startup [in /home/moonlover/Development/code/projects/Gau-id-view/server/utils/helpers.py:32]
2025-11-04 15:46:08,525 INFO: GAU-ID-View startup [in /home/moonlover/Development/code/projects/Gau-id-view/server/utils/helpers.py:32]
2025-11-04 15:46:08,525 INFO: GAU-ID-View startup [in /home/moonlover/Development/code/projects/Gau-id-view/server/utils/helpers.py:32]
2025-11-04 15:46:08,525 INFO: GAU-ID-View startup [in /home/moonlover/Development/code/projects/Gau-id-view/server/utils/helpers.py:32]
2025-11-04 15:46:08,525 INFO: GAU-ID-View startup [in /home/moonlover/Development/code/projects/Gau-id-view/server/utils/helpers.py:32]
2025-11-04 15:46:08,526 INFO: GAU-ID-View Backend API created successfully [in /home/moonlover/Development/code/projects/Gau-id-view/server/app.py:122]
2025-11-04 15:46:08,526 INFO: GAU-ID-View Backend API created successfully [in /home/moonlover/Development/code/projects/Gau-id-view/server/app.py:122]
2025-11-04 15:46:08,526 INFO: GAU-ID-View Backend API created successfully [in /home/moonlover/Development/code/projects/Gau-id-view/server/app.py:122]
2025-11-04 15:46:08,526 INFO: GAU-ID-View Backend API created successfully [in /home/moonlover/Development/code/projects/Gau-id-view/server/app.py:122]
2025-11-04 15:46:08,526 INFO: GAU-ID-View Backend API created successfully [in /home/moonlover/Development/code/projects/Gau-id-view/server/app.py:122]
2025-11-04 15:46:08,526 INFO: GAU-ID-View Backend API created successfully [in /home/moonlover/Development/code/projects/Gau-id-view/server/app.py:122]
2025-11-04 15:46:08,526 INFO: GAU-ID-View Backend API created successfully [in /home/moonlover/Development/code/projects/Gau-id-view/server/app.py:122]
2025-11-04 15:46:08,526 INFO: GAU-ID-View Backend API created successfully [in /home/moonlover/Development/code/projects/Gau-id-view/server/app.py:122]
2025-11-04 15:46:09,219 INFO: User login: student@test.gau.ac.ke [in /home/moonlover/Development/code/projects/Gau-id-view/server/routes/auth.py:111]
2025-11-04 15:46:09,219 INFO: User login: student@test.gau.ac.ke [in /home/moonlover/Development/code/projects/Gau-id-view/server/routes/auth.py:111]
2025-11-04 15:46:09,219 INFO: User login: student@test.gau.ac.ke [in /home/moonlover/Development/code/projects/Gau-id-view/server/routes/auth.py:111]
2025-11-04 15:46:09,219 INFO: User login: student@test.gau.ac.ke [in /home/moonlover/Development/code/projects/Gau-id-view/server/routes/auth.py:111]
2025-11-04 15:46:09,219 INFO: User login: student@test.gau.ac.ke [in /home/moonlover/Development/code/projects/Gau-id-view/server/routes/auth.py:111]
2025-11-04 15:46:09,219 INFO: User login: student@test.gau.ac.ke [in /home/moonlover/Development/code/projects/Gau-id-view/server/routes/auth.py:111]
2025-11-04 15:46:09,219 INFO: User login: student@test.gau.ac.ke [in /home/moonlover/Development/code/projects/Gau-id-view/server/routes/auth.py:111]
2025-11-04 15:46:09,219 INFO: User login: student@test.gau.ac.ke [in /home/moonlover/Development/code/projects/Gau-id-view/server/routes/auth.py:111]
2025-11-04 15:46:09,255 INFO: GAU-ID-View startup [in /home/moonlover/Development/code/projects/Gau-id-view/server/utils/helpers.py:32]
2025-11-04 15:46:09,255 INFO: GAU-ID-View startup [in /home/moonlover/Development/code/projects/Gau-id-view/server/utils/helpers.py:32]
2025-11-04 15:46:09,255 INFO: GAU-ID-View startup [in /home/moonlover/Development/code/projects/Gau-id-view/server/utils/helpers.py:32]
2025-11-04 15:46:09,255 INFO: GAU-ID-View startup [in /home/moonlover/Development/code/projects/Gau-id-view/server/utils/helpers.py:32]
2025-11-04 15:46:09,255 INFO: GAU-ID-View startup [in /home/moonlover/Development/code/projects/Gau-id-view/server/utils/helpers.py:32]
2025-11-04 15:46:09,255 INFO: GAU-ID-View startup [in /home/moonlover/Development/code/projects/Gau-id-view/server/utils/helpers.py:32]
2025-11-04 15:46:09,255 INFO: GAU-ID-View startup [in /home/moonlover/Development/code/projects/Gau-id-view/server/utils/helpers.py:32]
2025-11-04 15:46:09,255 INFO: GAU-ID-View startup [in /home/moonlover/Development/code/projects/Gau-id-view/server/utils/helpers.py:32]
2025-11-04 15:46:09,255 INFO: GAU-ID-View startup [in /home/moonlover/Development/code/projects/Gau-id-view/server/utils/helpers.py:32]
2025-11-04 15:46:09,256 INFO: GAU-ID-View Backend API created successfully [in /home/moonlover/Development/code/projects/Gau-id-view/server/app.py:122]
2025-11-04 15:46:09,256 INFO: GAU-ID-View Backend API created successfully [in /home/moonlover/Development/code/projects/Gau-id-view/server/app.py:122]
2025-11-04 15:46:09,256 INFO: GAU-ID-View Backend API created successfully [in /home/moonlover/Development/code/projects/Gau-id-view/server/app.py:122]
2025-11-04 15:46:09,256 INFO: GAU-ID-View Backend API created successfully [in /home/moonlover/Development/code/projects/Gau-id-view/server/app.py:122]
2025-11-04 15:46:09,256 INFO: GAU-ID-View Backend API created successfully [in /home/moonlover/Development/code/projects/Gau-id-view/server/app.py:122]
2025-11-04 15:46:09,256 INFO: GAU-ID-View Backend API created successfully [in /home/moonlover/Development/code/projects/Gau-id-view/server/app.py:122]
2025-11-04 15:46:09,256 INFO: GAU-ID-View Backend API created successfully [in /home/moonlover/Development/code/projects/Gau-id-view/server/app.py:122]
2025-11-04 15:46:09,256 INFO: GAU-ID-View Backend API created successfully [in /home/moonlover/Development/code/projects/Gau-id-view/server/app.py:122]
2025-11-04 15:46:09,256 INFO: GAU-ID-View Backend API created successfully [in /home/moonlover/Development/code/projects/Gau-id-view/server/app.py:122]
2025-11-04 15:46:09,953 INFO: User login: student@test.gau.ac.ke [in /home/moonlover/Development/code/projects/Gau-id-view/server/routes/auth.py:111]
2025-11-04 15:46:09,953 INFO: User login: student@test.gau.ac.ke [in /home/moonlover/Development/code/projects/Gau-id-view/server/routes/auth.py:111]
2025-11-04 15:46:09,953 INFO: User login: student@test.gau.ac.ke [in /home/moonlover/Development/code/projects/Gau-id-view/server/routes/auth.py:111]
2025-11-04 15:46:09,953 INFO: User login: student@test.gau.ac.ke [in /home/moonlover/Development/code/projects/Gau-id-view/server/routes/auth.py:111]
2025-11-04 15:46:09,953 INFO: User login: student@test.gau.ac.ke [in /home/moonlover/Development/code/projects/Gau-id-view/server/routes/auth.py:111]
2025-11-04 15:46:09,953 INFO: User login: student@test.gau.ac.ke [in /home/moonlover/Development/code/projects/Gau-id-view/server/routes/auth.py:111]
2025-11-04 15:46:09,953 INFO: User login: student@test.gau.ac.ke [in /home/moonlover/Development/code/projects/Gau-id-view/server/routes/auth.py:111]
2025-11-04 15:46:09,953 INFO: User login: student@test.gau.ac.ke [in /home/moonlover/Development/code/projects/Gau-id-view/server/routes/auth.py:111]
2025-11-04 15:46:09,953 INFO: User login: student@test.gau.ac.ke [in /home/moonlover/Development/code/projects/Gau-id-view/server/routes/auth.py:111]
2025-11-04 15:46:09,987 INFO: GAU-ID-View startup [in /home/moonlover/Development/code/projects/Gau-id-view/server/utils/helpers.py:32]
2025-11-04 15:46:09,987 INFO: GAU-ID-View startup [in /home/moonlover/Development/code/projects/Gau-id-view/server/utils/helpers.py:32]
2025-11-04 15:46:09,987 INFO: GAU-ID-View startup [in /home/moonlover/Development/code/projects/Gau-id-view/server/utils/helpers.py:32]
2025-11-04 15:46:09,987 INFO: GAU-ID-View startup [in /home/moonlover/Development/code/projects/Gau-id-view/server/utils/helpers.py:32]
2025-11-04 15:46:09,987 INFO: GAU-ID-View startup [in /home/moonlover/Development/code/projects/Gau-id-view/server/utils/helpers.py:32]
2025-11-04 15:46:09,987 INFO: GAU-ID-View startup [in /home/moonlover/Development/code/projects/Gau-id-view/server/utils/helpers.py:32]
2025-11-04 15:46:09,987 INFO: GAU-ID-View startup [in /home/moonlover/Development/code/projects/Gau-id-view/server/utils/helpers.py:32]
2025-11-04 15:46:09,987 INFO: GAU-ID-View startup [in /home/moonlover/Development/code/projects/Gau-id-view/server/utils/helpers.py:32]
2025-11-04 15:46:09,987 INFO: GAU-ID-View startup [in /home/moonlover/Development/code/projects/Gau-id-view/server/utils/helpers.py:32]
2025-11-04 15:46:09,987 INFO: GAU-ID-View startup [in /home/moonlover/Development/code/projects/Gau-id-view/server/utils/helpers.py:32]
2025-11-04 15:46:09,988 INFO: GAU-ID-View Backend API created successfully [in /home/moonlover/Development/code/projects/Gau-id-view/server/app.py:122]
2025-11-04 15:46:09,988 INFO: GAU-ID-View Backend API created successfully [in /home/moonlover/Development/code/projects/Gau-id-view/server/app.py:122]
2025-11-04 15:46:09,988 INFO: GAU-ID-View Backend API created successfully [in /home/moonlover/Development/code/projects/Gau-id-view/server/app.py:122]
2025-11-04 15:46:09,988 INFO: GAU-ID-View Backend API created successfully [in /home/moonlover/Development/code/projects/Gau-id-view/server/app.py:122]
2025-11-04 15:46:09,988 INFO: GAU-ID-View Backend API created successfully [in /home/moonlover/Development/code/projects/Gau-id-view/server/app.py:122]
2025-11-04 15:46:09,988 INFO: GAU-ID-View Backend API created successfully [in /home/moonlover/Development/code/projects/Gau-id-view/server/app.py:122]
2025-11-04 15:46:09,988 INFO: GAU-ID-View Backend API created successfully [in /home/moonlover/Development/code/projects/Gau-id-view/server/app.py:122]
2025-11-04 15:46:09,988 INFO: GAU-ID-View Backend API created successfully [in /home/moonlover/Development/code/projects/Gau-id-view/server/app.py:122]
2025-11-04 15:46:09,988 INFO: GAU-ID-View Backend API created successfully [in /home/moonlover/Development/code/projects/Gau-id-view/server/app.py:122]
2025-11-04 15:46:09,988 INFO: GAU-ID-View Backend API created successfully [in /home/moonlover/Development/code/projects/Gau-id-view/server/app.py:122]
2025-11-04 15:46:10,023 INFO: GAU-ID-View startup [in /home/moonlover/Development/code/projects/Gau-id-view/server/utils/helpers.py:32]
2025-11-04 15:46:10,023 INFO: GAU-ID-View startup [in /home/moonlover/Development/code/projects/Gau-id-view/server/utils/helpers.py:32]
2025-11-04 15:46:10,023 INFO: GAU-ID-View startup [in /home/moonlover/Development/code/projects/Gau-id-view/server/utils/helpers.py:32]
2025-11-04 15:46:10,023 INFO: GAU-ID-View startup [in /home/moonlover/Development/code/projects/Gau-id-view/server/utils/helpers.py:32]
2025-11-04 15:46:10,023 INFO: GAU-ID-View startup [in /home/moonlover/Development/code/projects/Gau-id-view/server/utils/helpers.py:32]
2025-11-04 15:46:10,023 INFO: GAU-ID-View startup [in /home/moonlover/Development/code/projects/Gau-id-view/server/utils/helpers.py:32]
2025-11-04 15:46:10,023 INFO: GAU-ID-View startup [in /home/moonlover/Development/code/projects/Gau-id-view/server/utils/helpers.py:32]
2025-11-04 15:46:10,023 INFO: GAU-ID-View startup [in /home/moonlover/Development/code/projects/Gau-id-view/server/utils/helpers.py:32]
2025-11-04 15:46:10,023 INFO: GAU-ID-View startup [in /home/moonlover/Development/code/projects/Gau-id-view/server/utils/helpers.py:32]
2025-11-04 15:46:10,023 INFO: GAU-ID-View startup [in /home/moonlover/Development/code/projects/Gau-id-view/server/utils/helpers.py:32]
2025-11-04 15:46:10,023 INFO: GAU-ID-View startup [in /home/moonlover/Development/code/projects/Gau-id-view/server/utils/helpers.py:32]
2025-11-04 15:46:10,024 INFO: GAU-ID-View Backend API created successfully [in /home/moonlover/Development/code/projects/Gau-id-view/server/app.py:122]
2025-11-04 15:46:10,024 INFO: GAU-ID-View Backend API created successfully [in /home/moonlover/Development/code/projects/Gau-id-view/server/app.py:122]
2025-11-04 15:46:10,024 INFO: GAU-ID-View Backend API created successfully [in /home/moonlover/Development/code/projects/Gau-id-view/server/app.py:122]
2025-11-04 15:46:10,024 INFO: GAU-ID-View Backend API created successfully [in /home/moonlover/Development/code/projects/Gau-id-view/server/app.py:122]
2025-11-04 15:46:10,024 INFO: GAU-ID-View Backend API created successfully [in /home/moonlover/Development/code/projects/Gau-id-view/server/app.py:122]
2025-11-04 15:46:10,024 INFO: GAU-ID-View Backend API created successfully [in /home/moonlover/Development/code/projects/Gau-id-view/server/app.py:122]
2025-11-04 15:46:10,024 INFO: GAU-ID-View Backend API created successfully [in /home/moonlover/Development/code/projects/Gau-id-view/server/app.py:122]
2025-11-04 15:46:10,024 INFO: GAU-ID-View Backend API created successfully [in /home/moonlover/Development/code/projects/Gau-id-view/server/app.py:122]
2025-11-04 15:46:10,024 INFO: GAU-ID-View Backend API created successfully [in /home/moonlover/Development/code/projects/Gau-id-view/server/app.py:122]
2025-11-04 15:46:10,024 INFO: GAU-ID-View Backend API created successfully [in /home/moonlover/Development/code/projects/Gau-id-view/server/app.py:122]
2025-11-04 15:46:10,024 INFO: GAU-ID-View Backend API created successfully [in /home/moonlover/Development/code/projects/Gau-id-view/server/app.py:122]
2025-11-04 15:46:10,724 INFO: User login: student@test.gau.ac.ke [in /home/moonlover/Development/code/projects/Gau-id-view/server/routes/auth.py:111]
2025-11-04 15:46:10,724 INFO: User login: student@test.gau.ac.ke [in /home/moonlover/Development/code/projects/Gau-id-view/server/routes/auth.py:111]
2025-11-04 15:46:10,724 INFO: User login: student@test.gau.ac.ke [in /home/moonlover/Development/code/projects/Gau-id-view/server/routes/auth.py:111]
2025-11-04 15:46:10,724 INFO: User login: student@test.gau.ac.ke [in /home/moonlover/Development/code/projects/Gau-id-view/server/routes/auth.py:111]
2025-11-04 15:46:10,724 INFO: User login: student@test.gau.ac.ke [in /home/moonlover/Development/code/projects/Gau-id-view/server/routes/auth.py:111]
2025-11-04 15:46:10,724 INFO: User login: student@test.gau.ac.ke [in /home/moonlover/Development/code/projects/Gau-id-view/server/routes/auth.py:111]
2025-11-04 15:46:10,724 INFO: User login: student@test.gau.ac.ke [in /home/moonlover/Development/code/projects/Gau-id-view/server/routes/auth.py:111]
2025-11-04 15:46:10,724 INFO: User login: student@test.gau.ac.ke [in /home/moonlover/Development/code/projects/Gau-id-view/server/routes/auth.py:111]
2025-11-04 15:46:10,724 INFO: User login: student@test.gau.ac.ke [in /home/moonlover/Development/code/projects/Gau-id-view/server/routes/auth.py:111]
2025-11-04 15:46:10,724 INFO: User login: student@test.gau.ac.ke [in /home/moonlover/Development/code/projects/Gau-id-view/server/routes/auth.py:111]
2025-11-04 15:46:10,724 INFO: User login: student@test.gau.ac.ke [in /home/moonlover/Development/code/projects/Gau-id-view/server/routes/auth.py:111]
2025-11-04 15:46:10,758 INFO: GAU-ID-View startup [in /home/moonlover/Development/code/projects/Gau-id-view/server/utils/helpers.py:32]
2025-11-04 15:46:10,758 INFO: GAU-ID-View startup [in /home/moonlover/Development/code/projects/Gau-id-view/server/utils/helpers.py:32]
2025-11-04 15:46:10,758 INFO: GAU-ID-View startup [in /home/moonlover/Development/code/projects/Gau-id-view/server/utils/helpers.py:32]
2025-11-04 15:46:10,758 INFO: GAU-ID-View startup [in /home/moonlover/Development/code/projects/Gau-id-view/server/utils/helpers.py:32]
2025-11-04 15:46:10,758 INFO: GAU-ID-View startup [in /home/moonlover/Development/code/projects/Gau-id-view/server/utils/helpers.py:32]
2025-11-04 15:46:10,758 INFO: GAU-ID-View startup [in /home/moonlover/Development/code/projects/Gau-id-view/server/utils/helpers.py:32]
2025-11-04 15:46:10,758 INFO: GAU-ID-View startup [in /home/moonlover/Development/code/projects/Gau-id-view/server/utils/helpers.py:32]
2025-11-04 15:46:10,758 INFO: GAU-ID-View startup [in /home/moonlover/Development/code/projects/Gau-id-view/server/utils/helpers.py:32]
2025-11-04 15:46:10,758 INFO: GAU-ID-View startup [in /home/moonlover/Development/code/projects/Gau-id-view/server/utils/helpers.py:32]
2025-11-04 15:46:10,758 INFO: GAU-ID-View startup [in /home/moonlover/Development/code/projects/Gau-id-view/server/utils/helpers.py:32]
2025-11-04 15:46:10,758 INFO: GAU-ID-View startup [in /home/moonlover/Development/code/projects/Gau-id-view/server/utils/helpers.py:32]
2025-11-04 15:46:10,758 INFO: GAU-ID-View startup [in /home/moonlover/Development/code/projects/Gau-id-view/server/utils/helpers.py:32]
2025-11-04 15:46:10,760 INFO: GAU-ID-View Backend API created successfully [in /home/moonlover/Development/code/projects/Gau-id-view/server/app.py:122]
2025-11-04 15:46:10,760 INFO: GAU-ID-View Backend API created successfully [in /home/moonlover/Development/code/projects/Gau-id-view/server/app.py:122]
2025-11-04 15:46:10,760 INFO: GAU-ID-View Backend API created successfully [in /home/moonlover/Development/code/projects/Gau-id-view/server/app.py:122]
2025-11-04 15:46:10,760 INFO: GAU-ID-View Backend API created successfully [in /home/moonlover/Development/code/projects/Gau-id-view/server/app.py:122]
2025-11-04 15:46:10,760 INFO: GAU-ID-View Backend API created successfully [in /home/moonlover/Development/code/projects/Gau-id-view/server/app.py:122]
2025-11-04 15:46:10,760 INFO: GAU-ID-View Backend API created successfully [in /home/moonlover/Development/code/projects/Gau-id-view/server/app.py:122]
2025-11-04 15:46:10,760 INFO: GAU-ID-View Backend API created successfully [in /home/moonlover/Development/code/projects/Gau-id-view/server/app.py:122]
2025-11-04 15:46:10,760 INFO: GAU-ID-View Backend API created successfully [in /home/moonlover/Development/code/projects/Gau-id-view/server/app.py:122]
2025-11-04 15:46:10,760 INFO: GAU-ID-View Backend API created successfully [in /home/moonlover/Development/code/projects/Gau-id-view/server/app.py:122]
2025-11-04 15:46:10,760 INFO: GAU-ID-View Backend API created successfully [in /home/moonlover/Development/code/projects/Gau-id-view/server/app.py:122]
2025-11-04 15:46:10,760 INFO: GAU-ID-View Backend API created successfully [in /home/moonlover/Development/code/projects/Gau-id-view/server/app.py:122]
2025-11-04 15:46:10,760 INFO: GAU-ID-View Backend API created successfully [in /home/moonlover/Development/code/projects/Gau-id-view/server/app.py:122]
2025-11-04 15:46:11,587 INFO: User login: student@test.gau.ac.ke [in /home/moonlover/Development/code/projects/Gau-id-view/server/routes/auth.py:111]
2025-11-04 15:46:11,587 INFO: User login: student@test.gau.ac.ke [in /home/moonlover/Development/code/projects/Gau-id-view/server/routes/auth.py:111]
2025-11-04 15:46:11,587 INFO: User login: student@test.gau.ac.ke [in /home/moonlover/Development/code/projects/Gau-id-view/server/routes/auth.py:111]
2025-11-04 15:46:11,587 INFO: User login: student@test.gau.ac.ke [in /home/moonlover/Development/code/projects/Gau-id-view/server/routes/auth.py:111]
2025-11-04 15:46:11,587 INFO: User login: student@test.gau.ac.ke [in /home/moonlover/Development/code/projects/Gau-id-view/server/routes/auth.py:111]
2025-11-04 15:46:11,587 INFO: User login: student@test.gau.ac.ke [in /home/moonlover/Development/code/projects/Gau-id-view/server/routes/auth.py:111]
2025-11-04 15:46:11,587 INFO: User login: student@test.gau.ac.ke [in /home/moonlover/Development/code/projects/Gau-id-view/server/routes/auth.py:111]
2025-11-04 15:46:11,587 INFO: User login: student@test.gau.ac.ke [in /home/moonlover/Development/code/projects/Gau-id-view/server/routes/auth.py:111]
2025-11-04 15:46:11,587 INFO: User login: student@test.gau.ac.ke [in /home/moonlover/Development/code/projects/Gau-id-view/server/routes/auth.py:111]
2025-11-04 15:46:11,587 INFO: User login: student@test.gau.ac.ke [in /home/moonlover/Development/code/projects/Gau-id-view/server/routes/auth.py:111]
2025-11-04 15:46:11,587 INFO: User login: student@test.gau.ac.ke [in /home/moonlover/Development/code/projects/Gau-id-view/server/routes/auth.py:111]
2025-11-04 15:46:11,587 INFO: User login: student@test.gau.ac.ke [in /home/moonlover/Development/code/projects/Gau-id-view/server/routes/auth.py:111]
2025-11-04 15:46:11,621 INFO: GAU-ID-View startup [in /home/moonlover/Development/code/projects/Gau-id-view/server/utils/helpers.py:32]
2025-11-04 15:46:11,621 INFO: GAU-ID-View startup [in /home/moonlover/Development/code/projects/Gau-id-view/server/utils/helpers.py:32]
2025-11-04 15:46:11,621 INFO: GAU-ID-View startup [in /home/moonlover/Development/code/projects/Gau-id-view/server/utils/helpers.py:32]
2025-11-04 15:46:11,621 INFO: GAU-ID-View startup [in /home/moonlover/Development/code/projects/Gau-id-view/server/utils/helpers.py:32]
2025-11-04 15:46:11,621 INFO: GAU-ID-View startup [in /home/moonlover/Development/code/projects/Gau-id-view/server/utils/helpers.py:32]
2025-11-04 15:46:11,621 INFO: GAU-ID-View startup [in /home/moonlover/Development/code/projects/Gau-id-view/server/utils/helpers.py:32]
2025-11-04 15:46:11,621 INFO: GAU-ID-View startup [in /home/moonlover/Development/code/projects/Gau-id-view/server/utils/helpers.py:32]
2025-11-04 15:46:11,621 INFO: GAU-ID-View startup [in /home/moonlover/Development/code/projects/Gau-id-view/server/utils/helpers.py:32]
2025-11-04 15:46:11,621 INFO: GAU-ID-View startup [in /home/moonlover/Development/code/projects/Gau-id-view/server/utils/helpers.py:32]
2025-11-04 15:46:11,621 INFO: GAU-ID-View startup [in /home/moonlover/Development/code/projects/Gau-id-view/server/utils/helpers.py:32]
2025-11-04 15:46:11,621 INFO: GAU-ID-View startup [in /home/moonlover/Development/code/projects/Gau-id-view/server/utils/helpers.py:32]
2025-11-04 15:46:11,621 INFO: GAU-ID-View startup [in /home/moonlover/Development/code/projects/Gau-id-view/server/utils/helpers.py:32]
2025-11-04 15:46:11,621 INFO: GAU-ID-View startup [in /home/moonlover/Development/code/projects/Gau-id-view/server/utils/helpers.py:32]
2025-11-04 15:46:11,622 INFO: GAU-ID-View Backend API created successfully [in /home/moonlover/Development/code/projects/Gau-id-view/server/app.py:122]
2025-11-04 15:46:11,622 INFO: GAU-ID-View Backend API created successfully [in /home/moonlover/Development/code/projects/Gau-id-view/server/app.py:122]
2025-11-04 15:46:11,622 INFO: GAU-ID-View Backend API created successfully [in /home/moonlover/Development/code/projects/Gau-id-view/server/app.py:122]
2025-11-04 15:46:11,622 INFO: GAU-ID-View Backend API created successfully [in /home/moonlover/Development/code/projects/Gau-id-view/server/app.py:122]
2025-11-04 15:46:11,622 INFO: GAU-ID-View Backend API created successfully [in /home/moonlover/Development/code/projects/Gau-id-view/server/app.py:122]
2025-11-04 15:46:11,622 INFO: GAU-ID-View Backend API created successfully [in /home/moonlover/Development/code/projects/Gau-id-view/server/app.py:122]
2025-11-04 15:46:11,622 INFO: GAU-ID-View Backend API created successfully [in /home/moonlover/Development/code/projects/Gau-id-view/server/app.py:122]
2025-11-04 15:46:11,622 INFO: GAU-ID-View Backend API created successfully [in /home/moonlover/Development/code/projects/Gau-id-view/server/app.py:122]
2025-11-04 15:46:11,622 INFO: GAU-ID-View Backend API created successfully [in /home/moonlover/Development/code/projects/Gau-id-view/server/app.py:122]
2025-11-04 15:46:11,622 INFO: GAU-ID-View Backend API created successfully [in /home/moonlover/Development/code/projects/Gau-id-view/server/app.py:122]
2025-11-04 15:46:11,622 INFO: GAU-ID-View Backend API created successfully [in /home/moonlover/Development/code/projects/Gau-id-view/server/app.py:122]
2025-11-04 15:46:11,622 INFO: GAU-ID-View Backend API created successfully [in /home/moonlover/Development/code/projects/Gau-id-view/server/app.py:122]
2025-11-04 15:46:11,622 INFO: GAU-ID-View Backend API created successfully [in /home/moonlover/Development/code/projects/Gau-id-view/server/app.py:122]
2025-11-04 15:46:12,390 INFO: User login: admin@test.gau.ac.ke [in /home/moonlover/Development/code/projects/Gau-id-view/server/routes/auth.py:111]
2025-11-04 15:46:12,390 INFO: User login: admin@test.gau.ac.ke [in /home/moonlover/Development/code/projects/Gau-id-view/server/routes/auth.py:111]
2025-11-04 15:46:12,390 INFO: User login: admin@test.gau.ac.ke [in /home/moonlover/Development/code/projects/Gau-id-view/server/routes/auth.py:111]
2025-11-04 15:46:12,390 INFO: User login: admin@test.gau.ac.ke [in /home/moonlover/Development/code/projects/Gau-id-view/server/routes/auth.py:111]
2025-11-04 15:46:12,390 INFO: User login: admin@test.gau.ac.ke [in /home/moonlover/Development/code/projects/Gau-id-view/server/routes/auth.py:111]
2025-11-04 15:46:12,390 INFO: User login: admin@test.gau.ac.ke [in /home/moonlover/Development/code/projects/Gau-id-view/server/routes/auth.py:111]
2025-11-04 15:46:12,390 INFO: User login: admin@test.gau.ac.ke [in /home/moonlover/Development/code/projects/Gau-id-view/server/routes/auth.py:111]
2025-11-04 15:46:12,390 INFO: User login: admin@test.gau.ac.ke [in /home/moonlover/Development/code/projects/Gau-id-view/server/routes/auth.py:111]
2025-11-04 15:46:12,390 INFO: User login: admin@test.gau.ac.ke [in /home/moonlover/Development/code/projects/Gau-id-view/server/routes/auth.py:111]
2025-11-04 15:46:12,390 INFO: User login: admin@test.gau.ac.ke [in /home/moonlover/Development/code/projects/Gau-id-view/server/routes/auth.py:111]
2025-11-04 15:46:12,390 INFO: User login: admin@test.gau.ac.ke [in /home/moonlover/Development/code/projects/Gau-id-view/server/routes/auth.py:111]
2025-11-04 15:46:12,390 INFO: User login: admin@test.gau.ac.ke [in /home/moonlover/Development/code/projects/Gau-id-view/server/routes/auth.py:111]
2025-11-04 15:46:12,390 INFO: User login: admin@test.gau.ac.ke [in /home/moonlover/Development/code/projects/Gau-id-view/server/routes/auth.py:111]
2025-11-04 15:46:12,429 INFO: GAU-ID-View startup [in /home/moonlover/Development/code/projects/Gau-id-view/server/utils/helpers.py:32]
2025-11-04 15:46:12,429 INFO: GAU-ID-View startup [in /home/moonlover/Development/code/projects/Gau-id-view/server/utils/helpers.py:32]
2025-11-04 15:46:12,429 INFO: GAU-ID-View startup [in /home/moonlover/Development/code/projects/Gau-id-view/server/utils/helpers.py:32]
2025-11-04 15:46:12,429 INFO: GAU-ID-View startup [in /home/moonlover/Development/code/projects/Gau-id-view/server/utils/helpers.py:32]
2025-11-04 15:46:12,429 INFO: GAU-ID-View startup [in /home/moonlover/Development/code/projects/Gau-id-view/server/utils/helpers.py:32]
2025-11-04 15:46:12,429 INFO: GAU-ID-View startup [in /home/moonlover/Development/code/projects/Gau-id-view/server/utils/helpers.py:32]
2025-11-04 15:46:12,429 INFO: GAU-ID-View startup [in /home/moonlover/Development/code/projects/Gau-id-view/server/utils/helpers.py:32]
2025-11-04 15:46:12,429 INFO: GAU-ID-View startup [in /home/moonlover/Development/code/projects/Gau-id-view/server/utils/helpers.py:32]
2025-11-04 15:46:12,429 INFO: GAU-ID-View startup [in /home/moonlover/Development/code/projects/Gau-id-view/server/utils/helpers.py:32]
2025-11-04 15:46:12,429 INFO: GAU-ID-View startup [in /home/moonlover/Development/code/projects/Gau-id-view/server/utils/helpers.py:32]
2025-11-04 15:46:12,429 INFO: GAU-ID-View startup [in /home/moonlover/Development/code/projects/Gau-id-view/server/utils/helpers.py:32]
2025-11-04 15:46:12,429 INFO: GAU-ID-View startup [in /home/moonlover/Development/code/projects/Gau-id-view/server/utils/helpers.py:32]
2025-11-04 15:46:12,429 INFO: GAU-ID-View startup [in /home/moonlover/Development/code/projects/Gau-id-view/server/utils/helpers.py:32]
2025-11-04 15:46:12,429 INFO: GAU-ID-View startup [in /home/moonlover/Development/code/projects/Gau-id-view/server/utils/helpers.py:32]
2025-11-04 15:46:12,430 INFO: GAU-ID-View Backend API created successfully [in /home/moonlover/Development/code/projects/Gau-id-view/server/app.py:122]
2025-11-04 15:46:12,430 INFO: GAU-ID-View Backend API created successfully [in /home/moonlover/Development/code/projects/Gau-id-view/server/app.py:122]
2025-11-04 15:46:12,430 INFO: GAU-ID-View Backend API created successfully [in /home/moonlover/Development/code/projects/Gau-id-view/server/app.py:122]
2025-11-04 15:46:12,430 INFO: GAU-ID-View Backend API created successfully [in /home/moonlover/Development/code/projects/Gau-id-view/server/app.py:122]
2025-11-04 15:46:12,430 INFO: GAU-ID-View Backend API created successfully [in /home/moonlover/Development/code/projects/Gau-id-view/server/app.py:122]
2025-11-04 15:46:12,430 INFO: GAU-ID-View Backend API created successfully [in /home/moonlover/Development/code/projects/Gau-id-view/server/app.py:122]
2025-11-04 15:46:12,430 INFO: GAU-ID-View Backend API created successfully [in /home/moonlover/Development/code/projects/Gau-id-view/server/app.py:122]
2025-11-04 15:46:12,430 INFO: GAU-ID-View Backend API created successfully [in /home/moonlover/Development/code/projects/Gau-id-view/server/app.py:122]
2025-11-04 15:46:12,430 INFO: GAU-ID-View Backend API created successfully [in /home/moonlover/Development/code/projects/Gau-id-view/server/app.py:122]
2025-11-04 15:46:12,430 INFO: GAU-ID-View Backend API created successfully [in /home/moonlover/Development/code/projects/Gau-id-view/server/app.py:122]
2025-11-04 15:46:12,430 INFO: GAU-ID-View Backend API created successfully [in /home/moonlover/Development/code/projects/Gau-id-view/server/app.py:122]
2025-11-04 15:46:12,430 INFO: GAU-ID-View Backend API created successfully [in /home/moonlover/Development/code/projects/Gau-id-view/server/app.py:122]
2025-11-04 15:46:12,430 INFO: GAU-ID-View Backend API created successfully [in /home/moonlover/Development/code/projects/Gau-id-view/server/app.py:122]
2025-11-04 15:46:12,430 INFO: GAU-ID-View Backend API created successfully [in /home/moonlover/Development/code/projects/Gau-id-view/server/app.py:122]
2025-11-04 15:46:13,475 INFO: User login: admin@test.gau.ac.ke [in /home/moonlover/Development/code/projects/Gau-id-view/server/routes/auth.py:111]
2025-11-04 15:46:13,475 INFO: User login: admin@test.gau.ac.ke [in /home/moonlover/Development/code/projects/Gau-id-view/server/routes/auth.py:111]
2025-11-04 15:46:13,475 INFO: User login: admin@test.gau.ac.ke [in /home/moonlover/Development/code/projects/Gau-id-view/server/routes/auth.py:111]
2025-11-04 15:46:13,475 INFO: User login: admin@test.gau.ac.ke [in /home/moonlover/Development/code/projects/Gau-id-view/server/routes/auth.py:111]
2025-11-04 15:46:13,475 INFO: User login: admin@test.gau.ac.ke [in /home/moonlover/Development/code/projects/Gau-id-view/server/routes/auth.py:111]
2025-11-04 15:46:13,475 INFO: User login: admin@test.gau.ac.ke [in /home/moonlover/Development/code/projects/Gau-id-view/server/routes/auth.py:111]
2025-11-04 15:46:13,475 INFO: User login: admin@test.gau.ac.ke [in /home/moonlover/Development/code/projects/Gau-id-view/server/routes/auth.py:111]
2025-11-04 15:46:13,475 INFO: User login: admin@test.gau.ac.ke [in /home/moonlover/Development/code/projects/Gau-id-view/server/routes/auth.py:111]
2025-11-04 15:46:13,475 INFO: User login: admin@test.gau.ac.ke [in /home/moonlover/Development/code/projects/Gau-id-view/server/routes/auth.py:111]
2025-11-04 15:46:13,475 INFO: User login: admin@test.gau.ac.ke [in /home/moonlover/Development/code/projects/Gau-id-view/server/routes/auth.py:111]
2025-11-04 15:46:13,475 INFO: User login: admin@test.gau.ac.ke [in /home/moonlover/Development/code/projects/Gau-id-view/server/routes/auth.py:111]
2025-11-04 15:46:13,475 INFO: User login: admin@test.gau.ac.ke [in /home/moonlover/Development/code/projects/Gau-id-view/server/routes/auth.py:111]
2025-11-04 15:46:13,475 INFO: User login: admin@test.gau.ac.ke [in /home/moonlover/Development/code/projects/Gau-id-view/server/routes/auth.py:111]
2025-11-04 15:46:13,475 INFO: User login: admin@test.gau.ac.ke [in /home/moonlover/Development/code/projects/Gau-id-view/server/routes/auth.py:111]
2025-11-04 15:46:13,689 INFO: GAU-ID-View startup [in /home/moonlover/Development/code/projects/Gau-id-view/server/utils/helpers.py:32]
2025-11-04 15:46:13,689 INFO: GAU-ID-View startup [in /home/moonlover/Development/code/projects/Gau-id-view/server/utils/helpers.py:32]
2025-11-04 15:46:13,689 INFO: GAU-ID-View startup [in /home/moonlover/Development/code/projects/Gau-id-view/server/utils/helpers.py:32]
2025-11-04 15:46:13,689 INFO: GAU-ID-View startup [in /home/moonlover/Development/code/projects/Gau-id-view/server/utils/helpers.py:32]
2025-11-04 15:46:13,689 INFO: GAU-ID-View startup [in /home/moonlover/Development/code/projects/Gau-id-view/server/utils/helpers.py:32]
2025-11-04 15:46:13,689 INFO: GAU-ID-View startup [in /home/moonlover/Development/code/projects/Gau-id-view/server/utils/helpers.py:32]
2025-11-04 15:46:13,689 INFO: GAU-ID-View startup [in /home/moonlover/Development/code/projects/Gau-id-view/server/utils/helpers.py:32]
2025-11-04 15:46:13,689 INFO: GAU-ID-View startup [in /home/moonlover/Development/code/projects/Gau-id-view/server/utils/helpers.py:32]
2025-11-04 15:46:13,689 INFO: GAU-ID-View startup [in /home/moonlover/Development/code/projects/Gau-id-view/server/utils/helpers.py:32]
2025-11-04 15:46:13,689 INFO: GAU-ID-View startup [in /home/moonlover/Development/code/projects/Gau-id-view/server/utils/helpers.py:32]
2025-11-04 15:46:13,689 INFO: GAU-ID-View startup [in /home/moonlover/Development/code/projects/Gau-id-view/server/utils/helpers.py:32]
2025-11-04 15:46:13,689 INFO: GAU-ID-View startup [in /home/moonlover/Development/code/projects/Gau-id-view/server/utils/helpers.py:32]
2025-11-04 15:46:13,689 INFO: GAU-ID-View startup [in /home/moonlover/Development/code/projects/Gau-id-view/server/utils/helpers.py:32]
2025-11-04 15:46:13,689 INFO: GAU-ID-View startup [in /home/moonlover/Development/code/projects/Gau-id-view/server/utils/helpers.py:32]
2025-11-04 15:46:13,689 INFO: GAU-ID-View startup [in /home/moonlover/Development/code/projects/Gau-id-view/server/utils/helpers.py:32]
2025-11-04 15:46:13,690 INFO: GAU-ID-View Backend API created successfully [in /home/moonlover/Development/code/projects/Gau-id-view/server/app.py:122]
2025-11-04 15:46:13,690 INFO: GAU-ID-View Backend API created successfully [in /home/moonlover/Development/code/projects/Gau-id-view/server/app.py:122]
2025-11-04 15:46:13,690 INFO: GAU-ID-View Backend API created successfully [in /home/moonlover/Development/code/projects/Gau-id-view/server/app.py:122]
2025-11-04 15:46:13,690 INFO: GAU-ID-View Backend API created successfully [in /home/moonlover/Development/code/projects/Gau-id-view/server/app.py:122]
2025-11-04 15:46:13,690 INFO: GAU-ID-View Backend API created successfully [in /home/moonlover/Development/code/projects/Gau-id-view/server/app.py:122]
2025-11-04 15:46:13,690 INFO: GAU-ID-View Backend API created successfully [in /home/moonlover/Development/code/projects/Gau-id-view/server/app.py:122]
2025-11-04 15:46:13,690 INFO: GAU-ID-View Backend API created successfully [in /home/moonlover/Development/code/projects/Gau-id-view/server/app.py:122]
2025-11-04 15:46:13,690 INFO: GAU-ID-View Backend API created successfully [in /home/moonlover/Development/code/projects/Gau-id-view/server/app.py:122]
2025-11-04 15:46:13,690 INFO: GAU-ID-View Backend API created successfully [in /home/moonlover/Development/code/projects/Gau-id-view/server/app.py:122]
2025-11-04 15:46:13,690 INFO: GAU-ID-View Backend API created successfully [in /home/moonlover/Development/code/projects/Gau-id-view/server/app.py:122]
2025-11-04 15:46:13,690 INFO: GAU-ID-View Backend API created successfully [in /home/moonlover/Development/code/projects/Gau-id-view/server/app.py:122]
2025-11-04 15:46:13,690 INFO: GAU-ID-View Backend API created successfully [in /home/moonlover/Development/code/projects/Gau-id-view/server/app.py:122]
2025-11-04 15:46:13,690 INFO: GAU-ID-View Backend API created successfully [in /home/moonlover/Development/code/projects/Gau-id-view/server/app.py:122]
2025-11-04 15:46:13,690 INFO: GAU-ID-View Backend API created successfully [in /home/moonlover/Development/code/projects/Gau-id-view/server/app.py:122]
2025-11-04 15:46:13,690 INFO: GAU-ID-View Backend API created successfully [in /home/moonlover/Development/code/projects/Gau-id-view/server/app.py:122]
2025-11-04 15:46:14,726 INFO: User login: admin@test.gau.ac.ke [in /home/moonlover/Development/code/projects/Gau-id-view/server/routes/auth.py:111]
2025-11-04 15:46:14,726 INFO: User login: admin@test.gau.ac.ke [in /home/moonlover/Development/code/projects/Gau-id-view/server/routes/auth.py:111]
2025-11-04 15:46:14,726 INFO: User login: admin@test.gau.ac.ke [in /home/moonlover/Development/code/projects/Gau-id-view/server/routes/auth.py:111]
2025-11-04 15:46:14,726 INFO: User login: admin@test.gau.ac.ke [in /home/moonlover/Development/code/projects/Gau-id-view/server/routes/auth.py:111]
2025-11-04 15:46:14,726 INFO: User login: admin@test.gau.ac.ke [in /home/moonlover/Development/code/projects/Gau-id-view/server/routes/auth.py:111]
2025-11-04 15:46:14,726 INFO: User login: admin@test.gau.ac.ke [in /home/moonlover/Development/code/projects/Gau-id-view/server/routes/auth.py:111]
2025-11-04 15:46:14,726 INFO: User login: admin@test.gau.ac.ke [in /home/moonlover/Development/code/projects/Gau-id-view/server/routes/auth.py:111]
2025-11-04 15:46:14,726 INFO: User login: admin@test.gau.ac.ke [in /home/moonlover/Development/code/projects/Gau-id-view/server/routes/auth.py:111]
2025-11-04 15:46:14,726 INFO: User login: admin@test.gau.ac.ke [in /home/moonlover/Development/code/projects/Gau-id-view/server/routes/auth.py:111]
2025-11-04 15:46:14,726 INFO: User login: admin@test.gau.ac.ke [in /home/moonlover/Development/code/projects/Gau-id-view/server/routes/auth.py:111]
2025-11-04 15:46:14,726 INFO: User login: admin@test.gau.ac.ke [in /home/moonlover/Development/code/projects/Gau-id-view/server/routes/auth.py:111]
2025-11-04 15:46:14,726 INFO: User login: admin@test.gau.ac.ke [in /home/moonlover/Development/code/projects/Gau-id-view/server/routes/auth.py:111]
2025-11-04 15:46:14,726 INFO: User login: admin@test.gau.ac.ke [in /home/moonlover/Development/code/projects/Gau-id-view/server/routes/auth.py:111]
2025-11-04 15:46:14,726 INFO: User login: admin@test.gau.ac.ke [in /home/moonlover/Development/code/projects/Gau-id-view/server/routes/auth.py:111]
2025-11-04 15:46:14,726 INFO: User login: admin@test.gau.ac.ke [in /home/moonlover/Development/code/projects/Gau-id-view/server/routes/auth.py:111]
2025-11-04 15:46:14,926 INFO: GAU-ID-View startup [in /home/moonlover/Development/code/projects/Gau-id-view/server/utils/helpers.py:32]
2025-11-04 15:46:14,926 INFO: GAU-ID-View startup [in /home/moonlover/Development/code/projects/Gau-id-view/server/utils/helpers.py:32]
2025-11-04 15:46:14,926 INFO: GAU-ID-View startup [in /home/moonlover/Development/code/projects/Gau-id-view/server/utils/helpers.py:32]
2025-11-04 15:46:14,926 INFO: GAU-ID-View startup [in /home/moonlover/Development/code/projects/Gau-id-view/server/utils/helpers.py:32]
2025-11-04 15:46:14,926 INFO: GAU-ID-View startup [in /home/moonlover/Development/code/projects/Gau-id-view/server/utils/helpers.py:32]
2025-11-04 15:46:14,926 INFO: GAU-ID-View startup [in /home/moonlover/Development/code/projects/Gau-id-view/server/utils/helpers.py:32]
2025-11-04 15:46:14,926 INFO: GAU-ID-View startup [in /home/moonlover/Development/code/projects/Gau-id-view/server/utils/helpers.py:32]
2025-11-04 15:46:14,926 INFO: GAU-ID-View startup [in /home/moonlover/Development/code/projects/Gau-id-view/server/utils/helpers.py:32]
2025-11-04 15:46:14,926 INFO: GAU-ID-View startup [in /home/moonlover/Development/code/projects/Gau-id-view/server/utils/helpers.py:32]
2025-11-04 15:46:14,926 INFO: GAU-ID-View startup [in /home/moonlover/Development/code/projects/Gau-id-view/server/utils/helpers.py:32]
2025-11-04 15:46:14,926 INFO: GAU-ID-View startup [in /home/moonlover/Development/code/projects/Gau-id-view/server/utils/helpers.py:32]
2025-11-04 15:46:14,926 INFO: GAU-ID-View startup [in /home/moonlover/Development/code/projects/Gau-id-view/server/utils/helpers.py:32]
2025-11-04 15:46:14,926 INFO: GAU-ID-View startup [in /home/moonlover/Development/code/projects/Gau-id-view/server/utils/helpers.py:32]
2025-11-04 15:46:14,926 INFO: GAU-ID-View startup [in /home/moonlover/Development/code/projects/Gau-id-view/server/utils/helpers.py:32]
2025-11-04 15:46:14,926 INFO: GAU-ID-View startup [in /home/moonlover/Development/code/projects/Gau-id-view/server/utils/helpers.py:32]
2025-11-04 15:46:14,926 INFO: GAU-ID-View startup [in /home/moonlover/Development/code/projects/Gau-id-view/server/utils/helpers.py:32]
2025-11-04 15:46:14,928 INFO: GAU-ID-View Backend API created successfully [in /home/moonlover/Development/code/projects/Gau-id-view/server/app.py:122]
2025-11-04 15:46:14,928 INFO: GAU-ID-View Backend API created successfully [in /home/moonlover/Development/code/projects/Gau-id-view/server/app.py:122]
2025-11-04 15:46:14,928 INFO: GAU-ID-View Backend API created successfully [in /home/moonlover/Development/code/projects/Gau-id-view/server/app.py:122]
2025-11-04 15:46:14,928 INFO: GAU-ID-View Backend API created successfully [in /home/moonlover/Development/code/projects/Gau-id-view/server/app.py:122]
2025-11-04 15:46:14,928 INFO: GAU-ID-View Backend API created successfully [in /home/moonlover/Development/code/projects/Gau-id-view/server/app.py:122]
2025-11-04 15:46:14,928 INFO: GAU-ID-View Backend API created successfully [in /home/moonlover/Development/code/projects/Gau-id-view/server/app.py:122]
2025-11-04 15:46:14,928 INFO: GAU-ID-View Backend API created successfully [in /home/moonlover/Development/code/projects/Gau-id-view/server/app.py:122]
2025-11-04 15:46:14,928 INFO: GAU-ID-View Backend API created successfully [in /home/moonlover/Development/code/projects/Gau-id-view/server/app.py:122]
2025-11-04 15:46:14,928 INFO: GAU-ID-View Backend API created successfully [in /home/moonlover/Development/code/projects/Gau-id-view/server/app.py:122]
2025-11-04 15:46:14,928 INFO: GAU-ID-View Backend API created successfully [in /home/moonlover/Development/code/projects/Gau-id-view/server/app.py:122]
2025-11-04 15:46:14,928 INFO: GAU-ID-View Backend API created successfully [in /home/moonlover/Development/code/projects/Gau-id-view/server/app.py:122]
2025-11-04 15:46:14,928 INFO: GAU-ID-View Backend API created successfully [in /home/moonlover/Development/code/projects/Gau-id-view/server/app.py:122]
2025-11-04 15:46:14,928 INFO: GAU-ID-View Backend API created successfully [in /home/moonlover/Development/code/projects/Gau-id-view/server/app.py:122]
2025-11-04 15:46:14,928 INFO: GAU-ID-View Backend API created successfully [in /home/moonlover/Development/code/projects/Gau-id-view/server/app.py:122]
2025-11-04 15:46:14,928 INFO: GAU-ID-View Backend API created successfully [in /home/moonlover/Development/code/projects/Gau-id-view/server/app.py:122]
2025-11-04 15:46:14,928 INFO: GAU-ID-View Backend API created successfully [in /home/moonlover/Development/code/projects/Gau-id-view/server/app.py:122]
2025-11-04 15:46:15,962 INFO: User login: admin@test.gau.ac.ke [in /home/moonlover/Development/code/projects/Gau-id-view/server/routes/auth.py:111]
2025-11-04 15:46:15,962 INFO: User login: admin@test.gau.ac.ke [in /home/moonlover/Development/code/projects/Gau-id-view/server/routes/auth.py:111]
2025-11-04 15:46:15,962 INFO: User login: admin@test.gau.ac.ke [in /home/moonlover/Development/code/projects/Gau-id-view/server/routes/auth.py:111]
2025-11-04 15:46:15,962 INFO: User login: admin@test.gau.ac.ke [in /home/moonlover/Development/code/projects/Gau-id-view/server/routes/auth.py:111]
2025-11-04 15:46:15,962 INFO: User login: admin@test.gau.ac.ke [in /home/moonlover/Development/code/projects/Gau-id-view/server/routes/auth.py:111]
2025-11-04 15:46:15,962 INFO: User login: admin@test.gau.ac.ke [in /home/moonlover/Development/code/projects/Gau-id-view/server/routes/auth.py:111]
2025-11-04 15:46:15,962 INFO: User login: admin@test.gau.ac.ke [in /home/moonlover/Development/code/projects/Gau-id-view/server/routes/auth.py:111]
2025-11-04 15:46:15,962 INFO: User login: admin@test.gau.ac.ke [in /home/moonlover/Development/code/projects/Gau-id-view/server/routes/auth.py:111]
2025-11-04 15:46:15,962 INFO: User login: admin@test.gau.ac.ke [in /home/moonlover/Development/code/projects/Gau-id-view/server/routes/auth.py:111]
2025-11-04 15:46:15,962 INFO: User login: admin@test.gau.ac.ke [in /home/moonlover/Development/code/projects/Gau-id-view/server/routes/auth.py:111]
2025-11-04 15:46:15,962 INFO: User login: admin@test.gau.ac.ke [in /home/moonlover/Development/code/projects/Gau-id-view/server/routes/auth.py:111]
2025-11-04 15:46:15,962 INFO: User login: admin@test.gau.ac.ke [in /home/moonlover/Development/code/projects/Gau-id-view/server/routes/auth.py:111]
2025-11-04 15:46:15,962 INFO: User login: admin@test.gau.ac.ke [in /home/moonlover/Development/code/projects/Gau-id-view/server/routes/auth.py:111]
2025-11-04 15:46:15,962 INFO: User login: admin@test.gau.ac.ke [in /home/moonlover/Development/code/projects/Gau-id-view/server/routes/auth.py:111]
2025-11-04 15:46:15,962 INFO: User login: admin@test.gau.ac.ke [in /home/moonlover/Development/code/projects/Gau-id-view/server/routes/auth.py:111]
2025-11-04 15:46:15,962 INFO: User login: admin@test.gau.ac.ke [in /home/moonlover/Development/code/projects/Gau-id-view/server/routes/auth.py:111]
2025-11-04 15:46:15,994 INFO: GAU-ID-View startup [in /home/moonlover/Development/code/projects/Gau-id-view/server/utils/helpers.py:32]
2025-11-04 15:46:15,994 INFO: GAU-ID-View startup [in /home/moonlover/Development/code/projects/Gau-id-view/server/utils/helpers.py:32]
2025-11-04 15:46:15,994 INFO: GAU-ID-View startup [in /home/moonlover/Development/code/projects/Gau-id-view/server/utils/helpers.py:32]
2025-11-04 15:46:15,994 INFO: GAU-ID-View startup [in /home/moonlover/Development/code/projects/Gau-id-view/server/utils/helpers.py:32]
2025-11-04 15:46:15,994 INFO: GAU-ID-View startup [in /home/moonlover/Development/code/projects/Gau-id-view/server/utils/helpers.py:32]
2025-11-04 15:46:15,994 INFO: GAU-ID-View startup [in /home/moonlover/Development/code/projects/Gau-id-view/server/utils/helpers.py:32]
2025-11-04 15:46:15,994 INFO: GAU-ID-View startup [in /home/moonlover/Development/code/projects/Gau-id-view/server/utils/helpers.py:32]
2025-11-04 15:46:15,994 INFO: GAU-ID-View startup [in /home/moonlover/Development/code/projects/Gau-id-view/server/utils/helpers.py:32]
2025-11-04 15:46:15,994 INFO: GAU-ID-View startup [in /home/moonlover/Development/code/projects/Gau-id-view/server/utils/helpers.py:32]
2025-11-04 15:46:15,994 INFO: GAU-ID-View startup [in /home/moonlover/Development/code/projects/Gau-id-view/server/utils/helpers.py:32]
2025-11-04 15:46:15,994 INFO: GAU-ID-View startup [in /home/moonlover/Development/code/projects/Gau-id-view/server/utils/helpers.py:32]
2025-11-04 15:46:15,994 INFO: GAU-ID-View startup [in /home/moonlover/Development/code/projects/Gau-id-view/server/utils/helpers.py:32]
2025-11-04 15:46:15,994 INFO: GAU-ID-View startup [in /home/moonlover/Development/code/projects/Gau-id-view/server/utils/helpers.py:32]
2025-11-04 15:46:15,994 INFO: GAU-ID-View startup [in /home/moonlover/Development/code/projects/Gau-id-view/server/utils/helpers.py:32]
2025-11-04 15:46:15,994 INFO: GAU-ID-View startup [in /home/moonlover/Development/code/projects/Gau-id-view/server/utils/helpers.py:32]
2025-11-04 15:46:15,994 INFO: GAU-ID-View startup [in /home/moonlover/Development/code/projects/Gau-id-view/server/utils/helpers.py:32]
2025-11-04 15:46:15,994 INFO: GAU-ID-View startup [in /home/moonlover/Development/code/projects/Gau-id-view/server/utils/helpers.py:32]
2025-11-04 15:46:15,995 INFO: GAU-ID-View Backend API created successfully [in /home/moonlover/Development/code/projects/Gau-id-view/server/app.py:122]
2025-11-04 15:46:15,995 INFO: GAU-ID-View Backend API created successfully [in /home/moonlover/Development/code/projects/Gau-id-view/server/app.py:122]
2025-11-04 15:46:15,995 INFO: GAU-ID-View Backend API created successfully [in /home/moonlover/Development/code/projects/Gau-id-view/server/app.py:122]
2025-11-04 15:46:15,995 INFO: GAU-ID-View Backend API created successfully [in /home/moonlover/Development/code/projects/Gau-id-view/server/app.py:122]
2025-11-04 15:46:15,995 INFO: GAU-ID-View Backend API created successfully [in /home/moonlover/Development/code/projects/Gau-id-view/server/app.py:122]
2025-11-04 15:46:15,995 INFO: GAU-ID-View Backend API created successfully [in /home/moonlover/Development/code/projects/Gau-id-view/server/app.py:122]
2025-11-04 15:46:15,995 INFO: GAU-ID-View Backend API created successfully [in /home/moonlover/Development/code/projects/Gau-id-view/server/app.py:122]
2025-11-04 15:46:15,995 INFO: GAU-ID-View Backend API created successfully [in /home/moonlover/Development/code/projects/Gau-id-view/server/app.py:122]
2025-11-04 15:46:15,995 INFO: GAU-ID-View Backend API created successfully [in /home/moonlover/Development/code/projects/Gau-id-view/server/app.py:122]
2025-11-04 15:46:15,995 INFO: GAU-ID-View Backend API created successfully [in /home/moonlover/Development/code/projects/Gau-id-view/server/app.py:122]
2025-11-04 15:46:15,995 INFO: GAU-ID-View Backend API created successfully [in /home/moonlover/Development/code/projects/Gau-id-view/server/app.py:122]
2025-11-04 15:46:15,995 INFO: GAU-ID-View Backend API created successfully [in /home/moonlover/Development/code/projects/Gau-id-view/server/app.py:122]
2025-11-04 15:46:15,995 INFO: GAU-ID-View Backend API created successfully [in /home/moonlover/Development/code/projects/Gau-id-view/server/app.py:122]
2025-11-04 15:46:15,995 INFO: GAU-ID-View Backend API created successfully [in /home/moonlover/Development/code/projects/Gau-id-view/server/app.py:122]
2025-11-04 15:46:15,995 INFO: GAU-ID-View Backend API created successfully [in /home/moonlover/Development/code/projects/Gau-id-view/server/app.py:122]
2025-11-04 15:46:15,995 INFO: GAU-ID-View Backend API created successfully [in /home/moonlover/Development/code/projects/Gau-id-view/server/app.py:122]
2025-11-04 15:46:15,995 INFO: GAU-ID-View Backend API created successfully [in /home/moonlover/Development/code/projects/Gau-id-view/server/app.py:122]
2025-11-04 15:46:16,685 INFO: User login: student@test.gau.ac.ke [in /home/moonlover/Development/code/projects/Gau-id-view/server/routes/auth.py:111]
2025-11-04 15:46:16,685 INFO: User login: student@test.gau.ac.ke [in /home/moonlover/Development/code/projects/Gau-id-view/server/routes/auth.py:111]
2025-11-04 15:46:16,685 INFO: User login: student@test.gau.ac.ke [in /home/moonlover/Development/code/projects/Gau-id-view/server/routes/auth.py:111]
2025-11-04 15:46:16,685 INFO: User login: student@test.gau.ac.ke [in /home/moonlover/Development/code/projects/Gau-id-view/server/routes/auth.py:111]
2025-11-04 15:46:16,685 INFO: User login: student@test.gau.ac.ke [in /home/moonlover/Development/code/projects/Gau-id-view/server/routes/auth.py:111]
2025-11-04 15:46:16,685 INFO: User login: student@test.gau.ac.ke [in /home/moonlover/Development/code/projects/Gau-id-view/server/routes/auth.py:111]
2025-11-04 15:46:16,685 INFO: User login: student@test.gau.ac.ke [in /home/moonlover/Development/code/projects/Gau-id-view/server/routes/auth.py:111]
2025-11-04 15:46:16,685 INFO: User login: student@test.gau.ac.ke [in /home/moonlover/Development/code/projects/Gau-id-view/server/routes/auth.py:111]
2025-11-04 15:46:16,685 INFO: User login: student@test.gau.ac.ke [in /home/moonlover/Development/code/projects/Gau-id-view/server/routes/auth.py:111]
2025-11-04 15:46:16,685 INFO: User login: student@test.gau.ac.ke [in /home/moonlover/Development/code/projects/Gau-id-view/server/routes/auth.py:111]
2025-11-04 15:46:16,685 INFO: User login: student@test.gau.ac.ke [in /home/moonlover/Development/code/projects/Gau-id-view/server/routes/auth.py:111]
2025-11-04 15:46:16,685 INFO: User login: student@test.gau.ac.ke [in /home/moonlover/Development/code/projects/Gau-id-view/server/routes/auth.py:111]
2025-11-04 15:46:16,685 INFO: User login: student@test.gau.ac.ke [in /home/moonlover/Development/code/projects/Gau-id-view/server/routes/auth.py:111]
2025-11-04 15:46:16,685 INFO: User login: student@test.gau.ac.ke [in /home/moonlover/Development/code/projects/Gau-id-view/server/routes/auth.py:111]
2025-11-04 15:46:16,685 INFO: User login: student@test.gau.ac.ke [in /home/moonlover/Development/code/projects/Gau-id-view/server/routes/auth.py:111]
2025-11-04 15:46:16,685 INFO: User login: student@test.gau.ac.ke [in /home/moonlover/Development/code/projects/Gau-id-view/server/routes/auth.py:111]
2025-11-04 15:46:16,685 INFO: User login: student@test.gau.ac.ke [in /home/moonlover/Development/code/projects/Gau-id-view/server/routes/auth.py:111]
2025-11-04 15:46:16,725 INFO: GAU-ID-View startup [in /home/moonlover/Development/code/projects/Gau-id-view/server/utils/helpers.py:32]
2025-11-04 15:46:16,725 INFO: GAU-ID-View startup [in /home/moonlover/Development/code/projects/Gau-id-view/server/utils/helpers.py:32]
2025-11-04 15:46:16,725 INFO: GAU-ID-View startup [in /home/moonlover/Development/code/projects/Gau-id-view/server/utils/helpers.py:32]
2025-11-04 15:46:16,725 INFO: GAU-ID-View startup [in /home/moonlover/Development/code/projects/Gau-id-view/server/utils/helpers.py:32]
2025-11-04 15:46:16,725 INFO: GAU-ID-View startup [in /home/moonlover/Development/code/projects/Gau-id-view/server/utils/helpers.py:32]
2025-11-04 15:46:16,725 INFO: GAU-ID-View startup [in /home/moonlover/Development/code/projects/Gau-id-view/server/utils/helpers.py:32]
2025-11-04 15:46:16,725 INFO: GAU-ID-View startup [in /home/moonlover/Development/code/projects/Gau-id-view/server/utils/helpers.py:32]
2025-11-04 15:46:16,725 INFO: GAU-ID-View startup [in /home/moonlover/Development/code/projects/Gau-id-view/server/utils/helpers.py:32]
2025-11-04 15:46:16,725 INFO: GAU-ID-View startup [in /home/moonlover/Development/code/projects/Gau-id-view/server/utils/helpers.py:32]
2025-11-04 15:46:16,725 INFO: GAU-ID-View startup [in /home/moonlover/Development/code/projects/Gau-id-view/server/utils/helpers.py:32]
2025-11-04 15:46:16,725 INFO: GAU-ID-View startup [in /home/moonlover/Development/code/projects/Gau-id-view/server/utils/helpers.py:32]
2025-11-04 15:46:16,725 INFO: GAU-ID-View startup [in /home/moonlover/Development/code/projects/Gau-id-view/server/utils/helpers.py:32]
2025-11-04 15:46:16,725 INFO: GAU-ID-View startup [in /home/moonlover/Development/code/projects/Gau-id-view/server/utils/helpers.py:32]
2025-11-04 15:46:16,725 INFO: GAU-ID-View startup [in /home/moonlover/Development/code/projects/Gau-id-view/server/utils/helpers.py:32]
2025-11-04 15:46:16,725 INFO: GAU-ID-View startup [in /home/moonlover/Development/code/projects/Gau-id-view/server/utils/helpers.py:32]
2025-11-04 15:46:16,725 INFO: GAU-ID-View startup [in /home/moonlover/Development/code/projects/Gau-id-view/server/utils/helpers.py:32]
2025-11-04 15:46:16,725 INFO: GAU-ID-View startup [in /home/moonlover/Development/code/projects/Gau-id-view/server/utils/helpers.py:32]
2025-11-04 15:46:16,725 INFO: GAU-ID-View startup [in /home/moonlover/Development/code/projects/Gau-id-view/server/utils/helpers.py:32]
2025-11-04 15:46:16,726 INFO: GAU-ID-View Backend API created successfully [in /home/moonlover/Development/code/projects/Gau-id-view/server/app.py:122]
2025-11-04 15:46:16,726 INFO: GAU-ID-View Backend API created successfully [in /home/moonlover/Development/code/projects/Gau-id-view/server/app.py:122]
2025-11-04 15:46:16,726 INFO: GAU-ID-View Backend API created successfully [in /home/moonlover/Development/code/projects/Gau-id-view/server/app.py:122]
2025-11-04 15:46:16,726 INFO: GAU-ID-View Backend API created successfully [in /home/moonlover/Development/code/projects/Gau-id-view/server/app.py:122]
2025-11-04 15:46:16,726 INFO: GAU-ID-View Backend API created successfully [in /home/moonlover/Development/code/projects/Gau-id-view/server/app.py:122]
2025-11-04 15:46:16,726 INFO: GAU-ID-View Backend API created successfully [in /home/moonlover/Development/code/projects/Gau-id-view/server/app.py:122]
2025-11-04 15:46:16,726 INFO: GAU-ID-View Backend API created successfully [in /home/moonlover/Development/code/projects/Gau-id-view/server/app.py:122]
2025-11-04 15:46:16,726 INFO: GAU-ID-View Backend API created successfully [in /home/moonlover/Development/code/projects/Gau-id-view/server/app.py:122]
2025-11-04 15:46:16,726 INFO: GAU-ID-View Backend API created successfully [in /home/moonlover/Development/code/projects/Gau-id-view/server/app.py:122]
2025-11-04 15:46:16,726 INFO: GAU-ID-View Backend API created successfully [in /home/moonlover/Development/code/projects/Gau-id-view/server/app.py:122]
2025-11-04 15:46:16,726 INFO: GAU-ID-View Backend API created successfully [in /home/moonlover/Development/code/projects/Gau-id-view/server/app.py:122]
2025-11-04 15:46:16,726 INFO: GAU-ID-View Backend API created successfully [in /home/moonlover/Development/code/projects/Gau-id-view/server/app.py:122]
2025-11-04 15:46:16,726 INFO: GAU-ID-View Backend API created successfully [in /home/moonlover/Development/code/projects/Gau-id-view/server/app.py:122]
2025-11-04 15:46:16,726 INFO: GAU-ID-View Backend API created successfully [in /home/moonlover/Development/code/projects/Gau-id-view/server/app.py:122]
2025-11-04 15:46:16,726 INFO: GAU-ID-View Backend API created successfully [in /home/moonlover/Development/code/projects/Gau-id-view/server/app.py:122]
2025-11-04 15:46:16,726 INFO: GAU-ID-View Backend API created successfully [in /home/moonlover/Development/code/projects/Gau-id-view/server/app.py:122]
2025-11-04 15:46:16,726 INFO: GAU-ID-View Backend API created successfully [in /home/moonlover/Development/code/projects/Gau-id-view/server/app.py:122]
2025-11-04 15:46:16,726 INFO: GAU-ID-View Backend API created successfully [in /home/moonlover/Development/code/projects/Gau-id-view/server/app.py:122]
2025-11-04 15:46:17,419 INFO: User login: student@test.gau.ac.ke [in /home/moonlover/Development/code/projects/Gau-id-view/server/routes/auth.py:111]
2025-11-04 15:46:17,419 INFO: User login: student@test.gau.ac.ke [in /home/moonlover/Development/code/projects/Gau-id-view/server/routes/auth.py:111]
2025-11-04 15:46:17,419 INFO: User login: student@test.gau.ac.ke [in /home/moonlover/Development/code/projects/Gau-id-view/server/routes/auth.py:111]
2025-11-04 15:46:17,419 INFO: User login: student@test.gau.ac.ke [in /home/moonlover/Development/code/projects/Gau-id-view/server/routes/auth.py:111]
2025-11-04 15:46:17,419 INFO: User login: student@test.gau.ac.ke [in /home/moonlover/Development/code/projects/Gau-id-view/server/routes/auth.py:111]
2025-11-04 15:46:17,419 INFO: User login: student@test.gau.ac.ke [in /home/moonlover/Development/code/projects/Gau-id-view/server/routes/auth.py:111]
2025-11-04 15:46:17,419 INFO: User login: student@test.gau.ac.ke [in /home/moonlover/Development/code/projects/Gau-id-view/server/routes/auth.py:111]
2025-11-04 15:46:17,419 INFO: User login: student@test.gau.ac.ke [in /home/moonlover/Development/code/projects/Gau-id-view/server/routes/auth.py:111]
2025-11-04 15:46:17,419 INFO: User login: student@test.gau.ac.ke [in /home/moonlover/Development/code/projects/Gau-id-view/server/routes/auth.py:111]
2025-11-04 15:46:17,419 INFO: User login: student@test.gau.ac.ke [in /home/moonlover/Development/code/projects/Gau-id-view/server/routes/auth.py:111]
2025-11-04 15:46:17,419 INFO: User login: student@test.gau.ac.ke [in /home/moonlover/Development/code/projects/Gau-id-view/server/routes/auth.py:111]
2025-11-04 15:46:17,419 INFO: User login: student@test.gau.ac.ke [in /home/moonlover/Development/code/projects/Gau-id-view/server/routes/auth.py:111]
2025-11-04 15:46:17,419 INFO: User login: student@test.gau.ac.ke [in /home/moonlover/Development/code/projects/Gau-id-view/server/routes/auth.py:111]
2025-11-04 15:46:17,419 INFO: User login: student@test.gau.ac.ke [in /home/moonlover/Development/code/projects/Gau-id-view/server/routes/auth.py:111]
2025-11-04 15:46:17,419 INFO: User login: student@test.gau.ac.ke [in /home/moonlover/Development/code/projects/Gau-id-view/server/routes/auth.py:111]
2025-11-04 15:46:17,419 INFO: User login: student@test.gau.ac.ke [in /home/moonlover/Development/code/projects/Gau-id-view/server/routes/auth.py:111]
2025-11-04 15:46:17,419 INFO: User login: student@test.gau.ac.ke [in /home/moonlover/Development/code/projects/Gau-id-view/server/routes/auth.py:111]
2025-11-04 15:46:17,419 INFO: User login: student@test.gau.ac.ke [in /home/moonlover/Development/code/projects/Gau-id-view/server/routes/auth.py:111]
2025-11-04 15:46:17,453 INFO: GAU-ID-View startup [in /home/moonlover/Development/code/projects/Gau-id-view/server/utils/helpers.py:32]
2025-11-04 15:46:17,453 INFO: GAU-ID-View startup [in /home/moonlover/Development/code/projects/Gau-id-view/server/utils/helpers.py:32]
2025-11-04 15:46:17,453 INFO: GAU-ID-View startup [in /home/moonlover/Development/code/projects/Gau-id-view/server/utils/helpers.py:32]
2025-11-04 15:46:17,453 INFO: GAU-ID-View startup [in /home/moonlover/Development/code/projects/Gau-id-view/server/utils/helpers.py:32]
2025-11-04 15:46:17,453 INFO: GAU-ID-View startup [in /home/moonlover/Development/code/projects/Gau-id-view/server/utils/helpers.py:32]
2025-11-04 15:46:17,453 INFO: GAU-ID-View startup [in /home/moonlover/Development/code/projects/Gau-id-view/server/utils/helpers.py:32]
2025-11-04 15:46:17,453 INFO: GAU-ID-View startup [in /home/moonlover/Development/code/projects/Gau-id-view/server/utils/helpers.py:32]
2025-11-04 15:46:17,453 INFO: GAU-ID-View startup [in /home/moonlover/Development/code/projects/Gau-id-view/server/utils/helpers.py:32]
2025-11-04 15:46:17,453 INFO: GAU-ID-View startup [in /home/moonlover/Development/code/projects/Gau-id-view/server/utils/helpers.py:32]
2025-11-04 15:46:17,453 INFO: GAU-ID-View startup [in /home/moonlover/Development/code/projects/Gau-id-view/server/utils/helpers.py:32]
2025-11-04 15:46:17,453 INFO: GAU-ID-View startup [in /home/moonlover/Development/code/projects/Gau-id-view/server/utils/helpers.py:32]
2025-11-04 15:46:17,453 INFO: GAU-ID-View startup [in /home/moonlover/Development/code/projects/Gau-id-view/server/utils/helpers.py:32]
2025-11-04 15:46:17,453 INFO: GAU-ID-View startup [in /home/moonlover/Development/code/projects/Gau-id-view/server/utils/helpers.py:32]
2025-11-04 15:46:17,453 INFO: GAU-ID-View startup [in /home/moonlover/Development/code/projects/Gau-id-view/server/utils/helpers.py:32]
2025-11-04 15:46:17,453 INFO: GAU-ID-View startup [in /home/moonlover/Development/code/projects/Gau-id-view/server/utils/helpers.py:32]
2025-11-04 15:46:17,453 INFO: GAU-ID-View startup [in /home/moonlover/Development/code/projects/Gau-id-view/server/utils/helpers.py:32]
2025-11-04 15:46:17,453 INFO: GAU-ID-View startup [in /home/moonlover/Development/code/projects/Gau-id-view/server/utils/helpers.py:32]
2025-11-04 15:46:17,453 INFO: GAU-ID-View startup [in /home/moonlover/Development/code/projects/Gau-id-view/server/utils/helpers.py:32]
2025-11-04 15:46:17,453 INFO: GAU-ID-View startup [in /home/moonlover/Development/code/projects/Gau-id-view/server/utils/helpers.py:32]
2025-11-04 15:46:17,455 INFO: GAU-ID-View Backend API created successfully [in /home/moonlover/Development/code/projects/Gau-id-view/server/app.py:122]
2025-11-04 15:46:17,455 INFO: GAU-ID-View Backend API created successfully [in /home/moonlover/Development/code/projects/Gau-id-view/server/app.py:122]
2025-11-04 15:46:17,455 INFO: GAU-ID-View Backend API created successfully [in /home/moonlover/Development/code/projects/Gau-id-view/server/app.py:122]
2025-11-04 15:46:17,455 INFO: GAU-ID-View Backend API created successfully [in /home/moonlover/Development/code/projects/Gau-id-view/server/app.py:122]
2025-11-04 15:46:17,455 INFO: GAU-ID-View Backend API created successfully [in /home/moonlover/Development/code/projects/Gau-id-view/server/app.py:122]
2025-11-04 15:46:17,455 INFO: GAU-ID-View Backend API created successfully [in /home/moonlover/Development/code/projects/Gau-id-view/server/app.py:122]
2025-11-04 15:46:17,455 INFO: GAU-ID-View Backend API created successfully [in /home/moonlover/Development/code/projects/Gau-id-view/server/app.py:122]
2025-11-04 15:46:17,455 INFO: GAU-ID-View Backend API created successfully [in /home/moonlover/Development/code/projects/Gau-id-view/server/app.py:122]
2025-11-04 15:46:17,455 INFO: GAU-ID-View Backend API created successfully [in /home/moonlover/Development/code/projects/Gau-id-view/server/app.py:122]
2025-11-04 15:46:17,455 INFO: GAU-ID-View Backend API created successfully [in /home/moonlover/Development/code/projects/Gau-id-view/server/app.py:122]
2025-11-04 15:46:17,455 INFO: GAU-ID-View Backend API created successfully [in /home/moonlover/Development/code/projects/Gau-id-view/server/app.py:122]
2025-11-04 15:46:17,455 INFO: GAU-ID-View Backend API created successfully [in /home/moonlover/Development/code/projects/Gau-id-view/server/app.py:122]
2025-11-04 15:46:17,455 INFO: GAU-ID-View Backend API created successfully [in /home/moonlover/Development/code/projects/Gau-id-view/server/app.py:122]
2025-11-04 15:46:17,455 INFO: GAU-ID-View Backend API created successfully [in /home/moonlover/Development/code/projects/Gau-id-view/server/app.py:122]
2025-11-04 15:46:17,455 INFO: GAU-ID-View Backend API created successfully [in /home/moonlover/Development/code/projects/Gau-id-view/server/app.py:122]
2025-11-04 15:46:17,455 INFO: GAU-ID-View Backend API created successfully [in /home/moonlover/Development/code/projects/Gau-id-view/server/app.py:122]
2025-11-04 15:46:17,455 INFO: GAU-ID-View Backend API created successfully [in /home/moonlover/Development/code/projects/Gau-id-view/server/app.py:122]
2025-11-04 15:46:17,455 INFO: GAU-ID-View Backend API created successfully [in /home/moonlover/Development/code/projects/Gau-id-view/server/app.py:122]
2025-11-04 15:46:17,455 INFO: GAU-ID-View Backend API created successfully [in /home/moonlover/Development/code/projects/Gau-id-view/server/app.py:122]
2025-11-04 15:46:17,461 ERROR: Login error: 415 Unsupported Media Type: Did not attempt to load JSON data because the request Content-Type was not 'application/json'. [in /home/moonlover/Development/code/projects/Gau-id-view/server/routes/auth.py:123]
2025-11-04 15:46:17,461 ERROR: Login error: 415 Unsupported Media Type: Did not attempt to load JSON data because the request Content-Type was not 'application/json'. [in /home/moonlover/Development/code/projects/Gau-id-view/server/routes/auth.py:123]
2025-11-04 15:46:17,461 ERROR: Login error: 415 Unsupported Media Type: Did not attempt to load JSON data because the request Content-Type was not 'application/json'. [in /home/moonlover/Development/code/projects/Gau-id-view/server/routes/auth.py:123]
2025-11-04 15:46:17,461 ERROR: Login error: 415 Unsupported Media Type: Did not attempt to load JSON data because the request Content-Type was not 'application/json'. [in /home/moonlover/Development/code/projects/Gau-id-view/server/routes/auth.py:123]
2025-11-04 15:46:17,461 ERROR: Login error: 415 Unsupported Media Type: Did not attempt to load JSON data because the request Content-Type was not 'application/json'. [in /home/moonlover/Development/code/projects/Gau-id-view/server/routes/auth.py:123]
2025-11-04 15:46:17,461 ERROR: Login error: 415 Unsupported Media Type: Did not attempt to load JSON data because the request Content-Type was not 'application/json'. [in /home/moonlover/Development/code/projects/Gau-id-view/server/routes/auth.py:123]
2025-11-04 15:46:17,461 ERROR: Login error: 415 Unsupported Media Type: Did not attempt to load JSON data because the request Content-Type was not 'application/json'. [in /home/moonlover/Development/code/projects/Gau-id-view/server/routes/auth.py:123]
2025-11-04 15:46:17,461 ERROR: Login error: 415 Unsupported Media Type: Did not attempt to load JSON data because the request Content-Type was not 'application/json'. [in /home/moonlover/Development/code/projects/Gau-id-view/server/routes/auth.py:123]
2025-11-04 15:46:17,461 ERROR: Login error: 415 Unsupported Media Type: Did not attempt to load JSON data because the request Content-Type was not 'application/json'. [in /home/moonlover/Development/code/projects/Gau-id-view/server/routes/auth.py:123]
2025-11-04 15:46:17,461 ERROR: Login error: 415 Unsupported Media Type: Did not attempt to load JSON data because the request Content-Type was not 'application/json'. [in /home/moonlover/Development/code/projects/Gau-id-view/server/routes/auth.py:123]
2025-11-04 15:46:17,461 ERROR: Login error: 415 Unsupported Media Type: Did not attempt to load JSON data because the request Content-Type was not 'application/json'. [in /home/moonlover/Development/code/projects/Gau-id-view/server/routes/auth.py:123]
2025-11-04 15:46:17,461 ERROR: Login error: 415 Unsupported Media Type: Did not attempt to load JSON data because the request Content-Type was not 'application/json'. [in /home/moonlover/Development/code/projects/Gau-id-view/server/routes/auth.py:123]
2025-11-04 15:46:17,461 ERROR: Login error: 415 Unsupported Media Type: Did not attempt to load JSON data because the request Content-Type was not 'application/json'. [in /home/moonlover/Development/code/projects/Gau-id-view/server/routes/auth.py:123]
2025-11-04 15:46:17,461 ERROR: Login error: 415 Unsupported Media Type: Did not attempt to load JSON data because the request Content-Type was not 'application/json'. [in /home/moonlover/Development/code/projects/Gau-id-view/server/routes/auth.py:123]
2025-11-04 15:46:17,461 ERROR: Login error: 415 Unsupported Media Type: Did not attempt to load JSON data because the request Content-Type was not 'application/json'. [in /home/moonlover/Development/code/projects/Gau-id-view/server/routes/auth.py:123]
2025-11-04 15:46:17,461 ERROR: Login error: 415 Unsupported Media Type: Did not attempt to load JSON data because the request Content-Type was not 'application/json'. [in /home/moonlover/Development/code/projects/Gau-id-view/server/routes/auth.py:123]
2025-11-04 15:46:17,461 ERROR: Login error: 415 Unsupported Media Type: Did not attempt to load JSON data because the request Content-Type was not 'application/json'. [in /home/moonlover/Development/code/projects/Gau-id-view/server/routes/auth.py:123]
2025-11-04 15:46:17,461 ERROR: Login error: 415 Unsupported Media Type: Did not attempt to load JSON data because the request Content-Type was not 'application/json'. [in /home/moonlover/Development/code/projects/Gau-id-view/server/routes/auth.py:123]
2025-11-04 15:46:17,461 ERROR: Login error: 415 Unsupported Media Type: Did not attempt to load JSON data because the request Content-Type was not 'application/json'. [in /home/moonlover/Development/code/projects/Gau-id-view/server/routes/auth.py:123]
2025-11-04 15:46:17,494 INFO: GAU-ID-View startup [in /home/moonlover/Development/code/projects/Gau-id-view/server/utils/helpers.py:32]
2025-11-04 15:46:17,494 INFO: GAU-ID-View startup [in /home/moonlover/Development/code/projects/Gau-id-view/server/utils/helpers.py:32]
2025-11-04 15:46:17,494 INFO: GAU-ID-View startup [in /home/moonlover/Development/code/projects/Gau-id-view/server/utils/helpers.py:32]
2025-11-04 15:46:17,494 INFO: GAU-ID-View startup [in /home/moonlover/Development/code/projects/Gau-id-view/server/utils/helpers.py:32]
2025-11-04 15:46:17,494 INFO: GAU-ID-View startup [in /home/moonlover/Development/code/projects/Gau-id-view/server/utils/helpers.py:32]
2025-11-04 15:46:17,494 INFO: GAU-ID-View startup [in /home/moonlover/Development/code/projects/Gau-id-view/server/utils/helpers.py:32]
2025-11-04 15:46:17,494 INFO: GAU-ID-View startup [in /home/moonlover/Development/code/projects/Gau-id-view/server/utils/helpers.py:32]
2025-11-04 15:46:17,494 INFO: GAU-ID-View startup [in /home/moonlover/Development/code/projects/Gau-id-view/server/utils/helpers.py:32]
2025-11-04 15:46:17,494 INFO: GAU-ID-View startup [in /home/moonlover/Development/code/projects/Gau-id-view/server/utils/helpers.py:32]
2025-11-04 15:46:17,494 INFO: GAU-ID-View startup [in /home/moonlover/Development/code/projects/Gau-id-view/server/utils/helpers.py:32]
2025-11-04 15:46:17,494 INFO: GAU-ID-View startup [in /home/moonlover/Development/code/projects/Gau-id-view/server/utils/helpers.py:32]
2025-11-04 15:46:17,494 INFO: GAU-ID-View startup [in /home/moonlover/Development/code/projects/Gau-id-view/server/utils/helpers.py:32]
2025-11-04 15:46:17,494 INFO: GAU-ID-View startup [in /home/moonlover/Development/code/projects/Gau-id-view/server/utils/helpers.py:32]
2025-11-04 15:46:17,494 INFO: GAU-ID-View startup [in /home/moonlover/Development/code/projects/Gau-id-view/server/utils/helpers.py:32]
2025-11-04 15:46:17,494 INFO: GAU-ID-View startup [in /home/moonlover/Development/code/projects/Gau-id-view/server/utils/helpers.py:32]
2025-11-04 15:46:17,494 INFO: GAU-ID-View startup [in /home/moonlover/Development/code/projects/Gau-id-view/server/utils/helpers.py:32]
2025-11-04 15:46:17,494 INFO: GAU-ID-View startup [in /home/moonlover/Development/code/projects/Gau-id-view/server/utils/helpers.py:32]
2025-11-04 15:46:17,494 INFO: GAU-ID-View startup [in /home/moonlover/Development/code/projects/Gau-id-view/server/utils/helpers.py:32]
2025-11-04 15:46:17,494 INFO: GAU-ID-View startup [in /home/moonlover/Development/code/projects/Gau-id-view/server/utils/helpers.py:32]
2025-11-04 15:46:17,494 INFO: GAU-ID-View startup [in /home/moonlover/Development/code/projects/Gau-id-view/server/utils/helpers.py:32]
2025-11-04 15:46:17,495 INFO: GAU-ID-View Backend API created successfully [in /home/moonlover/Development/code/projects/Gau-id-view/server/app.py:122]
2025-11-04 15:46:17,495 INFO: GAU-ID-View Backend API created successfully [in /home/moonlover/Development/code/projects/Gau-id-view/server/app.py:122]
2025-11-04 15:46:17,495 INFO: GAU-ID-View Backend API created successfully [in /home/moonlover/Development/code/projects/Gau-id-view/server/app.py:122]
2025-11-04 15:46:17,495 INFO: GAU-ID-View Backend API created successfully [in /home/moonlover/Development/code/projects/Gau-id-view/server/app.py:122]
2025-11-04 15:46:17,495 INFO: GAU-ID-View Backend API created successfully [in /home/moonlover/Development/code/projects/Gau-id-view/server/app.py:122]
2025-11-04 15:46:17,495 INFO: GAU-ID-View Backend API created successfully [in /home/moonlover/Development/code/projects/Gau-id-view/server/app.py:122]
2025-11-04 15:46:17,495 INFO: GAU-ID-View Backend API created successfully [in /home/moonlover/Development/code/projects/Gau-id-view/server/app.py:122]
2025-11-04 15:46:17,495 INFO: GAU-ID-View Backend API created successfully [in /home/moonlover/Development/code/projects/Gau-id-view/server/app.py:122]
2025-11-04 15:46:17,495 INFO: GAU-ID-View Backend API created successfully [in /home/moonlover/Development/code/projects/Gau-id-view/server/app.py:122]
2025-11-04 15:46:17,495 INFO: GAU-ID-View Backend API created successfully [in /home/moonlover/Development/code/projects/Gau-id-view/server/app.py:122]
2025-11-04 15:46:17,495 INFO: GAU-ID-View Backend API created successfully [in /home/moonlover/Development/code/projects/Gau-id-view/server/app.py:122]
2025-11-04 15:46:17,495 INFO: GAU-ID-View Backend API created successfully [in /home/moonlover/Development/code/projects/Gau-id-view/server/app.py:122]
2025-11-04 15:46:17,495 INFO: GAU-ID-View Backend API created successfully [in /home/moonlover/Development/code/projects/Gau-id-view/server/app.py:122]
2025-11-04 15:46:17,495 INFO: GAU-ID-View Backend API created successfully [in /home/moonlover/Development/code/projects/Gau-id-view/server/app.py:122]
2025-11-04 15:46:17,495 INFO: GAU-ID-View Backend API created successfully [in /home/moonlover/Development/code/projects/Gau-id-view/server/app.py:122]
2025-11-04 15:46:17,495 INFO: GAU-ID-View Backend API created successfully [in /home/moonlover/Development/code/projects/Gau-id-view/server/app.py:122]
2025-11-04 15:46:17,495 INFO: GAU-ID-View Backend API created successfully [in /home/moonlover/Development/code/projects/Gau-id-view/server/app.py:122]
2025-11-04 15:46:17,495 INFO: GAU-ID-View Backend API created successfully [in /home/moonlover/Development/code/projects/Gau-id-view/server/app.py:122]
2025-11-04 15:46:17,495 INFO: GAU-ID-View Backend API created successfully [in /home/moonlover/Development/code/projects/Gau-id-view/server/app.py:122]
2025-11-04 15:46:17,495 INFO: GAU-ID-View Backend API created successfully [in /home/moonlover/Development/code/projects/Gau-id-view/server/app.py:122]
